<?xml version="1.0" encoding="UTF-8"?>
<!-- Generated by org.testng.reporters.JUnitReportReporter -->
<testsuite hostname="DESKTOP-D49DQUF" failures="0" tests="8" name="dsAlgo_TestCases.Queue_TestCases" time="9.405" errors="0" timestamp="2022-05-04T17:05:26 EDT" skipped="0">
  <testcase classname="dsAlgo_TestCases.Queue_TestCases" name="VerifyQueueTitle" time="0.016"/>
  <system-out/>
  <testcase classname="dsAlgo_TestCases.Queue_TestCases" name="VerifyQueueTitle" time="0.014"/>
  <system-out/>
  <testcase classname="dsAlgo_TestCases.Queue_TestCases" name="noOfTopics" time="0.115"/>
  <system-out/>
  <testcase classname="dsAlgo_TestCases.Queue_TestCases" name="noOfTopics" time="0.103"/>
  <system-out/>
  <testcase classname="dsAlgo_TestCases.Queue_TestCases" name="Graph" time="4.144"/>
  <system-out/>
  <testcase classname="dsAlgo_TestCases.Queue_TestCases" name="Graph" time="4.080"/>
  <system-out/>
  <testcase classname="dsAlgo_TestCases.Queue_TestCases" name="SelectQueueModule" time="0.445"/>
  <system-out/>
  <testcase classname="dsAlgo_TestCases.Queue_TestCases" name="SelectQueueModule" time="0.488"/>
  <system-out/>
</testsuite> <!-- dsAlgo_TestCases.Queue_TestCases -->
