<?xml version="1.0" encoding="UTF-8"?>
<!-- Generated by org.testng.reporters.JUnitReportReporter -->
<testsuite hostname="DESKTOP-D49DQUF" failures="0" tests="8" name="dsAlgo_TestCases.Graph_TestCases" time="4.760" errors="0" timestamp="2022-05-04T17:05:26 EDT" skipped="0">
  <testcase classname="dsAlgo_TestCases.Graph_TestCases" name="VerifyGraphTitle" time="0.013"/>
  <system-out/>
  <testcase classname="dsAlgo_TestCases.Graph_TestCases" name="VerifyGraphTitle" time="0.015"/>
  <system-out/>
  <testcase classname="dsAlgo_TestCases.Graph_TestCases" name="noOfTopics" time="0.062"/>
  <system-out/>
  <testcase classname="dsAlgo_TestCases.Graph_TestCases" name="noOfTopics" time="0.083"/>
  <system-out/>
  <testcase classname="dsAlgo_TestCases.Graph_TestCases" name="Graph" time="2.138"/>
  <system-out/>
  <testcase classname="dsAlgo_TestCases.Graph_TestCases" name="Graph" time="1.694"/>
  <system-out/>
  <testcase classname="dsAlgo_TestCases.Graph_TestCases" name="SelectStackModule" time="0.429"/>
  <system-out/>
  <testcase classname="dsAlgo_TestCases.Graph_TestCases" name="SelectStackModule" time="0.326"/>
  <system-out/>
</testsuite> <!-- dsAlgo_TestCases.Graph_TestCases -->
