<?xml version="1.0" encoding="UTF-8"?>
<!-- Generated by org.testng.reporters.JUnitReportReporter -->
<testsuite hostname="DESKTOP-D49DQUF" failures="0" tests="2" name="dsAlgo_Test.DsAlgo_datastructure_Test" time="3.010" errors="0" timestamp="2022-04-27T17:48:17 EDT" skipped="0">
  <testcase classname="dsAlgo_Test.DsAlgo_datastructure_Test" name="setUp" time="1.851"/>
  <system-out/>
  <testcase classname="dsAlgo_Test.DsAlgo_datastructure_Test" name="setUp" time="1.159"/>
  <system-out/>
</testsuite> <!-- dsAlgo_Test.DsAlgo_datastructure_Test -->
