<?xml version="1.0" encoding="UTF-8"?>
<!-- Generated by org.testng.reporters.JUnitReportReporter -->
<testsuite hostname="DESKTOP-D49DQUF" failures="0" tests="4" name="dsAlgo_TestCases.DsAlgo_HomePage_TestCase" time="0.471" errors="0" timestamp="2022-05-04T17:05:26 EDT" skipped="0">
  <testcase classname="dsAlgo_TestCases.DsAlgo_HomePage_TestCase" name="verifyHomepageTitle" time="0.012"/>
  <system-out/>
  <testcase classname="dsAlgo_TestCases.DsAlgo_HomePage_TestCase" name="verifyHomepageTitle" time="0.034"/>
  <system-out/>
  <testcase classname="dsAlgo_TestCases.DsAlgo_HomePage_TestCase" name="totalModules" time="0.167"/>
  <system-out/>
  <testcase classname="dsAlgo_TestCases.DsAlgo_HomePage_TestCase" name="totalModules" time="0.258"/>
  <system-out/>
</testsuite> <!-- dsAlgo_TestCases.DsAlgo_HomePage_TestCase -->
