<?xml version="1.0" encoding="UTF-8"?>
<!-- Generated by org.testng.reporters.JUnitReportReporter -->
<testsuite hostname="DESKTOP-D49DQUF" failures="0" tests="8" name="dsAlgo_TestCases.LinkedList_TestCase" time="14.477" errors="0" timestamp="2022-05-04T17:05:26 EDT" skipped="0">
  <testcase classname="dsAlgo_TestCases.LinkedList_TestCase" name="VerifyLinkedListTitle" time="0.012"/>
  <system-out/>
  <testcase classname="dsAlgo_TestCases.LinkedList_TestCase" name="VerifyLinkedListTitle" time="0.012"/>
  <system-out/>
  <testcase classname="dsAlgo_TestCases.LinkedList_TestCase" name="noOfTopics" time="0.163"/>
  <system-out/>
  <testcase classname="dsAlgo_TestCases.LinkedList_TestCase" name="noOfTopics" time="0.223"/>
  <system-out/>
  <testcase classname="dsAlgo_TestCases.LinkedList_TestCase" name="LinkedList" time="7.209"/>
  <system-out/>
  <testcase classname="dsAlgo_TestCases.LinkedList_TestCase" name="LinkedList" time="6.253"/>
  <system-out/>
  <testcase classname="dsAlgo_TestCases.LinkedList_TestCase" name="signOut" time="0.304"/>
  <system-out/>
  <testcase classname="dsAlgo_TestCases.LinkedList_TestCase" name="signOut" time="0.301"/>
  <system-out/>
</testsuite> <!-- dsAlgo_TestCases.LinkedList_TestCase -->
