<?xml version="1.0" encoding="UTF-8"?>
<!-- Generated by org.testng.reporters.JUnitReportReporter -->
<testsuite hostname="DESKTOP-D49DQUF" failures="0" tests="3" name="dsAlgo_Test.Register_Test" time="9.801" errors="0" timestamp="2022-04-20T19:56:00 EDT" skipped="0">
  <testcase classname="dsAlgo_Test.Register_Test" name="homePage" time="8.182"/>
  <system-out/>
  <testcase classname="dsAlgo_Test.Register_Test" name="excel" time="0.728"/>
  <system-out/>
  <testcase classname="dsAlgo_Test.Register_Test" name="verifyLogin" time="0.891"/>
  <system-out/>
</testsuite> <!-- dsAlgo_Test.Register_Test -->
