<?xml version="1.0" encoding="UTF-8"?>
<!-- Generated by org.testng.reporters.JUnitReportReporter -->
<testsuite hostname="DESKTOP-D49DQUF" failures="0" tests="3" name="dsAlgo_Test.Login_Test" time="9.391" errors="0" timestamp="2022-04-21T10:56:46 EDT" skipped="0">
  <testcase classname="dsAlgo_Test.Login_Test" name="startPage" time="6.628"/>
  <system-out/>
  <testcase classname="dsAlgo_Test.Login_Test" name="excel" time="1.256"/>
  <system-out/>
  <testcase classname="dsAlgo_Test.Login_Test" name="verifyLogin" time="1.507"/>
  <system-out/>
</testsuite> <!-- dsAlgo_Test.Login_Test -->
