<?xml version="1.0" encoding="UTF-8"?>
<!-- Generated by org.testng.reporters.JUnitReportReporter -->
<testsuite hostname="DESKTOP-D49DQUF" failures="0" tests="8" name="dsAlgo_TestCases.Array_TestCases" time="8.867" errors="0" timestamp="2022-05-04T17:05:26 EDT" skipped="0">
  <testcase classname="dsAlgo_TestCases.Array_TestCases" name="VerifyArrayTitle" time="0.016"/>
  <system-out/>
  <testcase classname="dsAlgo_TestCases.Array_TestCases" name="VerifyArrayTitle" time="0.015"/>
  <system-out/>
  <testcase classname="dsAlgo_TestCases.Array_TestCases" name="noOfTopics" time="0.143"/>
  <system-out/>
  <testcase classname="dsAlgo_TestCases.Array_TestCases" name="noOfTopics" time="0.118"/>
  <system-out/>
  <testcase classname="dsAlgo_TestCases.Array_TestCases" name="Array" time="4.357"/>
  <system-out/>
  <testcase classname="dsAlgo_TestCases.Array_TestCases" name="Array" time="3.420"/>
  <system-out/>
  <testcase classname="dsAlgo_TestCases.Array_TestCases" name="SelectGraphModule" time="0.448"/>
  <system-out/>
  <testcase classname="dsAlgo_TestCases.Array_TestCases" name="SelectGraphModule" time="0.350"/>
  <system-out/>
</testsuite> <!-- dsAlgo_TestCases.Array_TestCases -->
