<?xml version="1.0" encoding="UTF-8"?>
<!-- Generated by org.testng.reporters.JUnitReportReporter -->
<testsuite hostname="DESKTOP-D49DQUF" failures="0" tests="2" name="dsAlgo_TestCases.Login_Test" time="2.031" errors="0" timestamp="2022-05-04T17:05:26 EDT" skipped="0">
  <testcase classname="dsAlgo_TestCases.Login_Test" name="verifyLogin" time="1.106"/>
  <system-out/>
  <testcase classname="dsAlgo_TestCases.Login_Test" name="verifyLogin" time="0.925"/>
  <system-out/>
</testsuite> <!-- dsAlgo_TestCases.Login_Test -->
