<?xml version="1.0" encoding="UTF-8"?>
<!-- Generated by org.testng.reporters.JUnitReportReporter -->
<testsuite hostname="DESKTOP-D49DQUF" failures="0" tests="8" name="dsAlgo_TestCases.Stack_TestCases" time="5.595" errors="0" timestamp="2022-05-04T17:05:26 EDT" skipped="0">
  <testcase classname="dsAlgo_TestCases.Stack_TestCases" name="VerifyStackTitle" time="0.013"/>
  <system-out/>
  <testcase classname="dsAlgo_TestCases.Stack_TestCases" name="VerifyStackTitle" time="0.013"/>
  <system-out/>
  <testcase classname="dsAlgo_TestCases.Stack_TestCases" name="noOfTopics" time="0.083"/>
  <system-out/>
  <testcase classname="dsAlgo_TestCases.Stack_TestCases" name="noOfTopics" time="0.087"/>
  <system-out/>
  <testcase classname="dsAlgo_TestCases.Stack_TestCases" name="Graph" time="1.965"/>
  <system-out/>
  <testcase classname="dsAlgo_TestCases.Stack_TestCases" name="Graph" time="2.568"/>
  <system-out/>
  <testcase classname="dsAlgo_TestCases.Stack_TestCases" name="SelectQueueModule" time="0.446"/>
  <system-out/>
  <testcase classname="dsAlgo_TestCases.Stack_TestCases" name="SelectQueueModule" time="0.420"/>
  <system-out/>
</testsuite> <!-- dsAlgo_TestCases.Stack_TestCases -->
