<?xml version="1.0" encoding="UTF-8"?>
<!-- Generated by org.testng.reporters.JUnitReportReporter -->
<testsuite hostname="DESKTOP-D49DQUF" failures="0" tests="8" name="dsAlgo_TestCases.Tree_TestCases" time="24.638" errors="0" timestamp="2022-05-04T17:05:26 EDT" skipped="0">
  <testcase classname="dsAlgo_TestCases.Tree_TestCases" name="VerifyTreeTitle" time="0.011"/>
  <system-out/>
  <testcase classname="dsAlgo_TestCases.Tree_TestCases" name="VerifyTreeTitle" time="0.017"/>
  <system-out/>
  <testcase classname="dsAlgo_TestCases.Tree_TestCases" name="noOfTopics" time="0.292"/>
  <system-out/>
  <testcase classname="dsAlgo_TestCases.Tree_TestCases" name="noOfTopics" time="0.389"/>
  <system-out/>
  <testcase classname="dsAlgo_TestCases.Tree_TestCases" name="Tree" time="10.450"/>
  <system-out/>
  <testcase classname="dsAlgo_TestCases.Tree_TestCases" name="Tree" time="12.618"/>
  <system-out/>
  <testcase classname="dsAlgo_TestCases.Tree_TestCases" name="SelectQueueModule" time="0.393"/>
  <system-out/>
  <testcase classname="dsAlgo_TestCases.Tree_TestCases" name="SelectQueueModule" time="0.468"/>
  <system-out/>
</testsuite> <!-- dsAlgo_TestCases.Tree_TestCases -->
