<?xml version="1.0" encoding="UTF-8"?>
<!-- Generated by org.testng.reporters.JUnitReportReporter -->
<testsuite hostname="DESKTOP-D49DQUF" failures="0" tests="4" name="dsAlgo_TestCases.DataStructure_TestCase" time="4.685" errors="0" timestamp="2022-05-04T17:05:26 EDT" skipped="0">
  <testcase classname="dsAlgo_TestCases.DataStructure_TestCase" name="dataStructure" time="1.646"/>
  <system-out/>
  <testcase classname="dsAlgo_TestCases.DataStructure_TestCase" name="dataStructure" time="1.880"/>
  <system-out/>
  <testcase classname="dsAlgo_TestCases.DataStructure_TestCase" name="selectArrayModule" time="0.536"/>
  <system-out/>
  <testcase classname="dsAlgo_TestCases.DataStructure_TestCase" name="selectArrayModule" time="0.623"/>
  <system-out/>
</testsuite> <!-- dsAlgo_TestCases.DataStructure_TestCase -->
