<?xml version="1.0" encoding="UTF-8"?>
<!-- Generated by org.testng.reporters.JUnitReportReporter -->
<testsuite hostname="DESKTOP-D49DQUF" failures="0" tests="2" name="dsAlgo_Test.Login_Test" time="14.095" errors="0" timestamp="2022-04-25T11:44:30 EDT" skipped="0">
  <testcase classname="dsAlgo_Test.Login_Test" name="startPage" time="11.202"/>
  <system-out/>
  <testcase classname="dsAlgo_Test.Login_Test" name="verifyLogin" time="2.893"/>
  <system-out/>
</testsuite> <!-- dsAlgo_Test.Login_Test -->
